<?xml version="1.0" encoding="UTF-8"?>
<!-- Generated by org.testng.reporters.JUnitReportReporter -->
<testsuite hostname="DESKTOP-UCOHM4L" failures="0" tests="3" name="ProblemUser.MainTestCase2" time="8.993" errors="0" timestamp="2024-12-28T18:12:19 EET" skipped="0">
  <testcase classname="ProblemUser.MainTestCase2" name="Login" time="0.539"/>
  <system-out/>
  <testcase classname="ProblemUser.MainTestCase2" name="AddToCard" time="4.158"/>
  <system-out/>
  <testcase classname="ProblemUser.MainTestCase2" name="RemoveItem" time="4.296"/>
  <system-out/>
</testsuite> <!-- ProblemUser.MainTestCase2 -->
