<?xml version="1.0" encoding="UTF-8"?>
<!-- Generated by org.testng.reporters.JUnitReportReporter -->
<testsuite hostname="DESKTOP-UCOHM4L" failures="0" tests="6" name="StanderUser.MainTestCase" time="9.976" errors="0" timestamp="2025-01-04T20:44:35 EET" skipped="1">
  <testcase classname="StanderUser.MainTestCase" name="Login" time="0.435"/>
  <system-out/>
  <testcase classname="StanderUser.MainTestCase" name="AddAllItemToCard" time="2.244"/>
  <system-out/>
  <testcase classname="StanderUser.MainTestCase" name="AddItemThatStartWithSouse" time="2.319"/>
  <system-out/>
  <testcase classname="StanderUser.MainTestCase" name="AddRandomItem" time="2.207"/>
  <system-out/>
  <testcase classname="StanderUser.MainTestCase" name="Checkout" time="2.771"/>
  <system-out/>
  <testcase classname="StanderUser.MainTestCase" name="AddCertainNumofItem">
    <skipped/>
  </testcase> <!-- AddCertainNumofItem -->
  <system-out/>
</testsuite> <!-- StanderUser.MainTestCase -->
