<?xml version="1.0" encoding="UTF-8"?>
<!-- Generated by org.testng.reporters.JUnitReportReporter -->
<testsuite hostname="DESKTOP-UCOHM4L" failures="0" tests="3" name="myTestCaseSauceDemo.MainTestCase" time="5.662" errors="0" timestamp="2024-12-25T21:26:31 EET" skipped="0">
  <testcase classname="myTestCaseSauceDemo.MainTestCase" name="Login" time="0.397"/>
  <system-out/>
  <testcase classname="myTestCaseSauceDemo.MainTestCase" name="AddToCard" time="2.144"/>
  <system-out/>
  <testcase classname="myTestCaseSauceDemo.MainTestCase" name="RemoveItem" time="3.121"/>
  <system-out/>
</testsuite> <!-- myTestCaseSauceDemo.MainTestCase -->
